2025-03-06 10:26:42 - ai.decision_analyzer - INFO - AI decision analyzer initialized
2025-03-06 10:26:42,097 [INFO] ai.decision_analyzer: AI decision analyzer initialized
2025-03-06 10:26:54 - ai.decision_analyzer - INFO - AI decision analyzer initialized
2025-03-06 10:26:54,426 [INFO] ai.decision_analyzer: AI decision analyzer initialized
2025-03-06 10:27:46 - ai.decision_analyzer - INFO - AI decision analyzer initialized
2025-03-06 10:27:46,370 [INFO] ai.decision_analyzer: AI decision analyzer initialized
2025-03-06 10:28:26 - ai.decision_analyzer - INFO - AI decision analyzer initialized
2025-03-06 10:28:26,870 [INFO] ai.decision_analyzer: AI decision analyzer initialized
2025-03-06 10:28:38 - ai.decision_analyzer - INFO - AI decision analyzer initialized
2025-03-06 10:28:38,678 [INFO] ai.decision_analyzer: AI decision analyzer initialized
2025-03-06 10:35:37 - ai.decision_analyzer - INFO - AI decision analyzer initialized
2025-03-06 10:36:07 - ai.decision_analyzer - INFO - AI decision analyzer initialized
2025-03-06 11:04:58 - ai.decision_analyzer - INFO - AI decision analyzer initialized
2025-03-06 11:05:06 - ai.decision_analyzer - INFO - AI decision analyzer initialized
2025-03-06 11:08:30 - ai.decision_analyzer - INFO - AI decision analyzer initialized
2025-03-06 11:08:30 - ai.decision_analyzer - DEBUG - Strategy Conservative decision: call
2025-03-06 11:08:30 - ai.decision_analyzer - DEBUG - Strategy Risk Taker decision: raise
2025-03-06 11:08:30 - ai.decision_analyzer - DEBUG - Strategy Probability-Based decision: call
2025-03-06 11:08:30 - ai.decision_analyzer - DEBUG - Strategy Bluffer decision: fold
2025-03-06 11:08:30 - ai.decision_analyzer - INFO - Player test_player_123 decision: call | Matching strategy: Probability-Based | Optimal strategy: Conservative | Was optimal: False
2025-03-06 11:08:30 - ai.decision_analyzer - INFO - AI decision analyzer initialized
2025-03-06 11:08:30 - ai.decision_analyzer - DEBUG - Strategy Conservative decision: fold
2025-03-06 11:08:30 - ai.decision_analyzer - DEBUG - Strategy Risk Taker decision: raise
2025-03-06 11:08:30 - ai.decision_analyzer - DEBUG - Strategy Probability-Based decision: call
2025-03-06 11:08:30 - ai.decision_analyzer - DEBUG - Strategy Bluffer decision: fold
2025-03-06 11:08:30 - ai.decision_analyzer - INFO - Player test_player_123 decision: raise | Matching strategy: Risk Taker | Optimal strategy: Probability-Based | Was optimal: False
2025-03-06 11:08:30 - ai.decision_analyzer - INFO - AI decision analyzer initialized
2025-03-06 11:08:30 - ai.decision_analyzer - INFO - AI decision analyzer initialized
2025-03-06 11:08:30 - ai.decision_analyzer - INFO - AI decision analyzer initialized
2025-03-06 11:08:30 - ai.decision_analyzer - INFO - AI decision analyzer initialized
2025-03-06 11:08:30 - ai.decision_analyzer - INFO - AI decision analyzer initialized
2025-03-06 11:08:30 - ai.decision_analyzer - INFO - AI decision analyzer initialized
2025-03-06 11:08:30 - ai.decision_analyzer - INFO - AI decision analyzer initialized
2025-03-06 11:12:38 - ai.decision_analyzer - INFO - AI decision analyzer initialized
2025-03-06 11:12:38 - ai.decision_analyzer - DEBUG - Strategy Conservative decision: call
2025-03-06 11:12:38 - ai.decision_analyzer - DEBUG - Strategy Risk Taker decision: raise
2025-03-06 11:12:38 - ai.decision_analyzer - DEBUG - Strategy Probability-Based decision: fold
2025-03-06 11:12:38 - ai.decision_analyzer - DEBUG - Strategy Bluffer decision: fold
2025-03-06 11:12:38 - ai.decision_analyzer - INFO - Player test_player_123 decision: call | Matching strategy: Conservative | Optimal strategy: Conservative | Was optimal: True
2025-03-06 11:12:38 - ai.decision_analyzer - INFO - AI decision analyzer initialized
2025-03-06 11:12:38 - ai.decision_analyzer - DEBUG - Strategy Conservative decision: fold
2025-03-06 11:12:38 - ai.decision_analyzer - DEBUG - Strategy Risk Taker decision: raise
2025-03-06 11:12:38 - ai.decision_analyzer - DEBUG - Strategy Probability-Based decision: call
2025-03-06 11:12:38 - ai.decision_analyzer - DEBUG - Strategy Bluffer decision: fold
2025-03-06 11:12:38 - ai.decision_analyzer - INFO - Player test_player_123 decision: raise | Matching strategy: Risk Taker | Optimal strategy: Probability-Based | Was optimal: False
2025-03-06 11:12:38 - ai.decision_analyzer - INFO - AI decision analyzer initialized
2025-03-06 11:12:38 - ai.decision_analyzer - INFO - AI decision analyzer initialized
2025-03-06 11:12:38 - ai.decision_analyzer - INFO - AI decision analyzer initialized
2025-03-06 11:12:38 - ai.decision_analyzer - INFO - AI decision analyzer initialized
2025-03-06 11:12:38 - ai.decision_analyzer - INFO - AI decision analyzer initialized
2025-03-06 11:12:38 - ai.decision_analyzer - INFO - AI decision analyzer initialized
2025-03-06 11:12:38 - ai.decision_analyzer - INFO - AI decision analyzer initialized
2025-03-06 11:19:55 - ai.decision_analyzer - INFO - AI decision analyzer initialized
2025-03-06 11:19:55 - ai.decision_analyzer - DEBUG - Strategy Conservative decision: call
2025-03-06 11:19:55 - ai.decision_analyzer - DEBUG - Strategy Risk Taker decision: raise
2025-03-06 11:19:55 - ai.decision_analyzer - DEBUG - Strategy Probability-Based decision: fold
2025-03-06 11:19:55 - ai.decision_analyzer - DEBUG - Strategy Bluffer decision: fold
2025-03-06 11:19:55 - ai.decision_analyzer - INFO - Player test_player_123 decision: call | Matching strategy: Conservative | Optimal strategy: Conservative | Was optimal: True
2025-03-06 11:19:55 - ai.decision_analyzer - INFO - AI decision analyzer initialized
2025-03-06 11:19:55 - ai.decision_analyzer - DEBUG - Strategy Conservative decision: fold
2025-03-06 11:19:55 - ai.decision_analyzer - DEBUG - Strategy Risk Taker decision: raise
2025-03-06 11:19:55 - ai.decision_analyzer - DEBUG - Strategy Probability-Based decision: call
2025-03-06 11:19:55 - ai.decision_analyzer - DEBUG - Strategy Bluffer decision: fold
2025-03-06 11:19:55 - ai.decision_analyzer - INFO - Player test_player_123 decision: raise | Matching strategy: Risk Taker | Optimal strategy: Probability-Based | Was optimal: False
2025-03-06 11:19:55 - ai.decision_analyzer - INFO - AI decision analyzer initialized
2025-03-06 11:19:55 - ai.decision_analyzer - INFO - AI decision analyzer initialized
2025-03-06 11:19:55 - ai.decision_analyzer - INFO - AI decision analyzer initialized
2025-03-06 11:19:55 - ai.decision_analyzer - INFO - AI decision analyzer initialized
2025-03-06 11:19:55 - ai.decision_analyzer - INFO - AI decision analyzer initialized
2025-03-06 11:19:55 - ai.decision_analyzer - INFO - AI decision analyzer initialized
2025-03-06 11:19:55 - ai.decision_analyzer - INFO - AI decision analyzer initialized
2025-03-06 11:25:18 - ai.decision_analyzer - INFO - AI decision analyzer initialized
2025-03-06 11:25:18 - ai.decision_analyzer - DEBUG - Strategy Conservative decision: call
2025-03-06 11:25:18 - ai.decision_analyzer - DEBUG - Strategy Risk Taker decision: raise
2025-03-06 11:25:18 - ai.decision_analyzer - DEBUG - Strategy Probability-Based decision: fold
2025-03-06 11:25:18 - ai.decision_analyzer - DEBUG - Strategy Bluffer decision: fold
2025-03-06 11:25:18 - ai.decision_analyzer - INFO - Player test_player_123 decision: call | Matching strategy: Conservative | Optimal strategy: Conservative | Was optimal: True
2025-03-06 11:25:18 - ai.decision_analyzer - INFO - AI decision analyzer initialized
2025-03-06 11:25:18 - ai.decision_analyzer - DEBUG - Strategy Conservative decision: fold
2025-03-06 11:25:18 - ai.decision_analyzer - DEBUG - Strategy Risk Taker decision: raise
2025-03-06 11:25:18 - ai.decision_analyzer - DEBUG - Strategy Probability-Based decision: call
2025-03-06 11:25:18 - ai.decision_analyzer - DEBUG - Strategy Bluffer decision: fold
2025-03-06 11:25:18 - ai.decision_analyzer - INFO - Player test_player_123 decision: raise | Matching strategy: Risk Taker | Optimal strategy: Probability-Based | Was optimal: False
2025-03-06 11:25:18 - ai.decision_analyzer - INFO - AI decision analyzer initialized
2025-03-06 11:25:18 - ai.decision_analyzer - INFO - AI decision analyzer initialized
2025-03-06 11:25:18 - ai.decision_analyzer - INFO - AI decision analyzer initialized
2025-03-06 11:25:18 - ai.decision_analyzer - INFO - AI decision analyzer initialized
2025-03-06 11:25:18 - ai.decision_analyzer - INFO - AI decision analyzer initialized
2025-03-06 11:25:18 - ai.decision_analyzer - INFO - AI decision analyzer initialized
2025-03-06 11:25:18 - ai.decision_analyzer - INFO - AI decision analyzer initialized
2025-03-06 11:29:47 - ai.decision_analyzer - INFO - AI decision analyzer initialized
2025-03-06 11:29:47 - ai.decision_analyzer - DEBUG - Strategy Conservative decision: call
2025-03-06 11:29:47 - ai.decision_analyzer - DEBUG - Strategy Risk Taker decision: raise
2025-03-06 11:29:47 - ai.decision_analyzer - DEBUG - Strategy Probability-Based decision: fold
2025-03-06 11:29:47 - ai.decision_analyzer - DEBUG - Strategy Bluffer decision: fold
2025-03-06 11:29:47 - ai.decision_analyzer - INFO - Player test_player_123 decision: call | Matching strategy: Conservative | Optimal strategy: Conservative | Was optimal: True
2025-03-06 11:29:47 - ai.decision_analyzer - INFO - AI decision analyzer initialized
2025-03-06 11:29:47 - ai.decision_analyzer - DEBUG - Strategy Conservative decision: fold
2025-03-06 11:29:47 - ai.decision_analyzer - DEBUG - Strategy Risk Taker decision: raise
2025-03-06 11:29:47 - ai.decision_analyzer - DEBUG - Strategy Probability-Based decision: call
2025-03-06 11:29:47 - ai.decision_analyzer - DEBUG - Strategy Bluffer decision: fold
2025-03-06 11:29:47 - ai.decision_analyzer - INFO - Player test_player_123 decision: raise | Matching strategy: Risk Taker | Optimal strategy: Probability-Based | Was optimal: False
2025-03-06 11:29:47 - ai.decision_analyzer - INFO - AI decision analyzer initialized
2025-03-06 11:29:47 - ai.decision_analyzer - INFO - AI decision analyzer initialized
2025-03-06 11:29:47 - ai.decision_analyzer - INFO - AI decision analyzer initialized
2025-03-06 11:29:47 - ai.decision_analyzer - INFO - AI decision analyzer initialized
2025-03-06 11:29:47 - ai.decision_analyzer - INFO - AI decision analyzer initialized
2025-03-06 11:29:47 - ai.decision_analyzer - INFO - AI decision analyzer initialized
2025-03-06 11:29:47 - ai.decision_analyzer - INFO - AI decision analyzer initialized
2025-03-06 11:31:50 - ai.decision_analyzer - INFO - AI decision analyzer initialized
2025-03-06 11:31:50 - ai.decision_analyzer - DEBUG - Strategy Conservative decision: call
2025-03-06 11:31:50 - ai.decision_analyzer - DEBUG - Strategy Risk Taker decision: raise
2025-03-06 11:31:50 - ai.decision_analyzer - DEBUG - Strategy Probability-Based decision: fold
2025-03-06 11:31:50 - ai.decision_analyzer - DEBUG - Strategy Bluffer decision: fold
2025-03-06 11:31:50 - ai.decision_analyzer - INFO - Player test_player_123 decision: call | Matching strategy: Conservative | Optimal strategy: Conservative | Was optimal: True
2025-03-06 11:31:50 - ai.decision_analyzer - INFO - AI decision analyzer initialized
2025-03-06 11:31:50 - ai.decision_analyzer - DEBUG - Strategy Conservative decision: fold
2025-03-06 11:31:50 - ai.decision_analyzer - DEBUG - Strategy Risk Taker decision: raise
2025-03-06 11:31:50 - ai.decision_analyzer - DEBUG - Strategy Probability-Based decision: call
2025-03-06 11:31:50 - ai.decision_analyzer - DEBUG - Strategy Bluffer decision: fold
2025-03-06 11:31:50 - ai.decision_analyzer - INFO - Player test_player_123 decision: raise | Matching strategy: Risk Taker | Optimal strategy: Probability-Based | Was optimal: False
2025-03-06 11:31:50 - ai.decision_analyzer - INFO - AI decision analyzer initialized
2025-03-06 11:31:50 - ai.decision_analyzer - INFO - AI decision analyzer initialized
2025-03-06 11:31:50 - ai.decision_analyzer - INFO - AI decision analyzer initialized
2025-03-06 11:31:50 - ai.decision_analyzer - INFO - AI decision analyzer initialized
2025-03-06 11:31:50 - ai.decision_analyzer - INFO - AI decision analyzer initialized
2025-03-06 11:31:50 - ai.decision_analyzer - INFO - AI decision analyzer initialized
2025-03-06 11:31:50 - ai.decision_analyzer - INFO - AI decision analyzer initialized
2025-03-06 13:15:40 - ai.decision_analyzer - INFO - AI decision analyzer initialized
2025-03-06 14:42:53 - ai.decision_analyzer - INFO - Using analyzer modules for enhanced feedback
2025-03-06 14:42:53 - ai.decision_analyzer - INFO - Using analyzer modules for enhanced feedback
2025-03-06 14:42:53 - ai.decision_analyzer - INFO - Using analyzer modules for enhanced feedback
2025-03-06 14:42:53 - ai.decision_analyzer - INFO - Using analyzer modules for enhanced feedback
2025-03-06 14:42:53 - ai.decision_analyzer - INFO - Using analyzer modules for enhanced feedback
2025-03-06 14:42:53 - ai.decision_analyzer - INFO - Using analyzer modules for enhanced feedback
2025-03-06 14:42:53 - ai.decision_analyzer - INFO - Using analyzer modules for enhanced feedback
2025-03-06 14:42:53 - ai.decision_analyzer - INFO - Using analyzer modules for enhanced feedback
2025-03-06 14:42:53 - ai.decision_analyzer - INFO - Using analyzer modules for enhanced feedback
2025-03-06 14:46:07 - ai.decision_analyzer - INFO - Using analyzer modules for enhanced feedback
2025-03-06 14:46:17 - ai.decision_analyzer - INFO - Using analyzer modules for enhanced feedback
2025-03-06 14:47:01 - ai.decision_analyzer - INFO - Using analyzer modules for enhanced feedback
2025-03-06 14:49:23 - ai.decision_analyzer - INFO - Using analyzer modules for enhanced feedback
2025-03-06 14:49:23 - ai.decision_analyzer - INFO - Using analyzer modules for enhanced feedback
2025-03-06 14:49:23 - ai.decision_analyzer - INFO - Using analyzer modules for enhanced feedback
2025-03-06 14:49:23 - ai.decision_analyzer - INFO - Using analyzer modules for enhanced feedback
2025-03-06 14:49:23 - ai.decision_analyzer - INFO - Using analyzer modules for enhanced feedback
2025-03-06 14:49:23 - ai.decision_analyzer - INFO - Using analyzer modules for enhanced feedback
2025-03-06 14:49:23 - ai.decision_analyzer - INFO - Using analyzer modules for enhanced feedback
2025-03-06 14:49:23 - ai.decision_analyzer - INFO - Using analyzer modules for enhanced feedback
2025-03-06 14:49:23 - ai.decision_analyzer - INFO - Using analyzer modules for enhanced feedback
2025-03-06 14:50:53 - ai.decision_analyzer - INFO - Using analyzer modules for enhanced feedback
2025-03-06 14:50:53 - ai.decision_analyzer - INFO - Using analyzer modules for enhanced feedback
2025-03-06 14:50:53 - ai.decision_analyzer - INFO - Using analyzer modules for enhanced feedback
2025-03-06 14:50:53 - ai.decision_analyzer - INFO - Using analyzer modules for enhanced feedback
2025-03-06 14:50:53 - ai.decision_analyzer - INFO - Using analyzer modules for enhanced feedback
2025-03-06 14:50:53 - ai.decision_analyzer - INFO - Using analyzer modules for enhanced feedback
2025-03-06 14:50:53 - ai.decision_analyzer - INFO - Using analyzer modules for enhanced feedback
2025-03-06 14:50:53 - ai.decision_analyzer - INFO - Using analyzer modules for enhanced feedback
2025-03-06 14:50:53 - ai.decision_analyzer - INFO - Using analyzer modules for enhanced feedback
2025-03-06 14:51:20 - ai.decision_analyzer - INFO - Using analyzer modules for enhanced feedback
2025-03-06 14:51:20 - ai.decision_analyzer - INFO - Using analyzer modules for enhanced feedback
2025-03-06 14:51:20 - ai.decision_analyzer - INFO - Using analyzer modules for enhanced feedback
2025-03-06 14:51:20 - ai.decision_analyzer - INFO - Using analyzer modules for enhanced feedback
2025-03-06 14:51:20 - ai.decision_analyzer - INFO - Using analyzer modules for enhanced feedback
2025-03-06 14:51:20 - ai.decision_analyzer - INFO - Using analyzer modules for enhanced feedback
2025-03-06 14:51:20 - ai.decision_analyzer - INFO - Using analyzer modules for enhanced feedback
2025-03-06 14:51:20 - ai.decision_analyzer - INFO - Using analyzer modules for enhanced feedback
2025-03-06 14:51:20 - ai.decision_analyzer - INFO - Using analyzer modules for enhanced feedback
2025-03-06 14:53:42 - ai.decision_analyzer - INFO - Using analyzer modules for enhanced feedback
2025-03-06 14:53:42 - ai.decision_analyzer - INFO - Using analyzer modules for enhanced feedback
2025-03-06 14:53:42 - ai.decision_analyzer - INFO - Using analyzer modules for enhanced feedback
2025-03-06 14:53:42 - ai.decision_analyzer - INFO - Using analyzer modules for enhanced feedback
2025-03-06 14:53:42 - ai.decision_analyzer - INFO - Using analyzer modules for enhanced feedback
2025-03-06 14:53:42 - ai.decision_analyzer - INFO - Using analyzer modules for enhanced feedback
2025-03-06 14:53:42 - ai.decision_analyzer - INFO - Using analyzer modules for enhanced feedback
2025-03-06 14:53:42 - ai.decision_analyzer - INFO - Using analyzer modules for enhanced feedback
2025-03-06 14:53:42 - ai.decision_analyzer - INFO - Using analyzer modules for enhanced feedback
