2025-03-03 15:11:22,707 [ERROR] game_engine: Error dealing cards: Not enough cards to deal 2 cards
2025-03-03 15:11:22,707 [ERROR] game_engine: Error dealing cards: Not enough cards to deal 2 cards
2025-03-03 15:11:22,707 [ERROR] game_engine: Error dealing cards: Not enough cards to deal 2 cards
2025-03-03 15:15:40,643 [ERROR] game_engine: Error dealing cards: Not enough cards to deal 2 cards
2025-03-03 15:15:40,643 [ERROR] game_engine: Error dealing cards: Not enough cards to deal 2 cards
2025-03-03 15:15:40,643 [ERROR] game_engine: Error dealing cards: Not enough cards to deal 2 cards
2025-03-03 15:15:40,643 [ERROR] game_engine: Error dealing cards: Not enough cards to deal 2 cards
2025-03-03 15:15:40,643 [ERROR] game_engine: Error dealing cards: Not enough cards to deal 2 cards
2025-03-03 15:15:40,643 [ERROR] game_engine: Error dealing cards: Not enough cards to deal 2 cards
2025-03-03 15:15:40,643 [ERROR] game_engine: Error dealing cards: Not enough cards to deal 2 cards
2025-03-03 15:15:40,643 [ERROR] game_engine: Error dealing cards: Not enough cards to deal 2 cards
2025-03-03 15:15:40,643 [ERROR] game_engine: Error dealing cards: Not enough cards to deal 2 cards
2025-03-03 15:15:40,643 [ERROR] game_engine: Error dealing cards: Not enough cards to deal 2 cards
2025-03-03 15:15:40,644 [ERROR] game_engine: Error dealing cards: Not enough cards to deal 2 cards
2025-03-03 15:15:40,644 [ERROR] game_engine: Error dealing cards: Not enough cards to deal 2 cards
2025-03-03 15:15:40,644 [ERROR] game_engine: Error dealing cards: Not enough cards to deal 2 cards
2025-03-03 15:15:40,644 [ERROR] game_engine: Error dealing cards: Not enough cards to deal 2 cards
2025-03-03 15:15:40,644 [ERROR] game_engine: Error dealing cards: Not enough cards to deal 2 cards
2025-03-03 15:15:40,644 [ERROR] game_engine: Error dealing cards: Not enough cards to deal 2 cards
2025-03-03 15:15:40,644 [ERROR] game_engine: Error dealing cards: Not enough cards to deal 2 cards
2025-03-03 15:15:40,644 [ERROR] game_engine: Error dealing cards: Not enough cards to deal 2 cards
2025-03-03 15:15:40,644 [ERROR] game_engine: Error dealing cards: Not enough cards to deal 2 cards
2025-03-03 15:15:40,644 [ERROR] game_engine: Error dealing cards: Not enough cards to deal 2 cards
2025-03-03 15:15:40,644 [ERROR] game_engine: Error dealing cards: Not enough cards to deal 2 cards
2025-03-03 15:15:40,644 [ERROR] game_engine: Error dealing cards: Not enough cards to deal 2 cards
2025-03-03 15:15:40,644 [ERROR] game_engine: Error dealing cards: Not enough cards to deal 2 cards
2025-03-03 15:15:40,644 [ERROR] game_engine: Error dealing cards: Not enough cards to deal 2 cards
2025-03-03 15:15:49,701 [ERROR] game_engine: Error dealing cards: Not enough cards to deal 2 cards
2025-03-03 15:15:49,701 [ERROR] game_engine: Error dealing cards: Not enough cards to deal 2 cards
2025-03-03 15:15:49,701 [ERROR] game_engine: Error dealing cards: Not enough cards to deal 2 cards
2025-03-06 10:28:38,678 [ERROR] game.poker_game: Error dealing cards: Not enough cards to deal 2 cards
2025-03-06 10:28:38 - game.poker_game - ERROR - Error dealing cards: Not enough cards to deal 2 cards
2025-03-06 10:28:38,678 [ERROR] game.poker_game: Error dealing cards: Not enough cards to deal 2 cards
2025-03-06 10:28:38 - game.poker_game - ERROR - Error dealing cards: Not enough cards to deal 2 cards
2025-03-06 10:28:38,678 [ERROR] game.poker_game: Error dealing cards: Not enough cards to deal 2 cards
2025-03-06 10:28:38 - game.poker_game - ERROR - Error dealing cards: Not enough cards to deal 2 cards
2025-03-06 10:28:38,678 [ERROR] game.poker_game: Error dealing cards: Not enough cards to deal 2 cards
2025-03-06 10:28:38 - game.poker_game - ERROR - Error dealing cards: Not enough cards to deal 2 cards
2025-03-06 10:28:38,678 [ERROR] game.poker_game: Error dealing cards: Not enough cards to deal 2 cards
2025-03-06 10:28:38 - game.poker_game - ERROR - Error dealing cards: Not enough cards to deal 2 cards
2025-03-06 10:28:38,678 [ERROR] game.poker_game: Error dealing cards: Not enough cards to deal 2 cards
2025-03-06 10:28:38 - game.poker_game - ERROR - Error dealing cards: Not enough cards to deal 2 cards
2025-03-06 10:28:38,678 [ERROR] game.poker_game: Error dealing cards: Not enough cards to deal 2 cards
2025-03-06 10:28:38 - game.poker_game - ERROR - Error dealing cards: Not enough cards to deal 2 cards
2025-03-06 10:28:38,678 [ERROR] game.poker_game: Error dealing cards: Not enough cards to deal 2 cards
2025-03-06 10:28:38 - game.poker_game - ERROR - Error dealing cards: Not enough cards to deal 2 cards
2025-03-06 10:28:38,678 [ERROR] game.poker_game: Error dealing cards: Not enough cards to deal 2 cards
2025-03-06 10:28:38 - game.poker_game - ERROR - Error dealing cards: Not enough cards to deal 2 cards
2025-03-06 10:28:38,678 [ERROR] game.poker_game: Error dealing cards: Not enough cards to deal 2 cards
2025-03-06 10:28:38 - game.poker_game - ERROR - Error dealing cards: Not enough cards to deal 2 cards
2025-03-06 10:28:38,678 [ERROR] game.poker_game: Error dealing cards: Not enough cards to deal 2 cards
2025-03-06 10:28:38 - game.poker_game - ERROR - Error dealing cards: Not enough cards to deal 2 cards
2025-03-06 10:28:38,678 [ERROR] game.poker_game: Error dealing cards: Not enough cards to deal 2 cards
2025-03-06 10:28:38 - game.poker_game - ERROR - Error dealing cards: Not enough cards to deal 2 cards
2025-03-06 10:28:38,679 [ERROR] game.poker_game: Error dealing cards: Not enough cards to deal 2 cards
2025-03-06 10:28:38 - game.poker_game - ERROR - Error dealing cards: Not enough cards to deal 2 cards
2025-03-06 10:28:38,679 [ERROR] game.poker_game: Error dealing cards: Not enough cards to deal 2 cards
2025-03-06 10:28:38 - game.poker_game - ERROR - Error dealing cards: Not enough cards to deal 2 cards
2025-03-06 10:28:38,679 [ERROR] game.poker_game: Error dealing cards: Not enough cards to deal 2 cards
2025-03-06 10:28:38 - game.poker_game - ERROR - Error dealing cards: Not enough cards to deal 2 cards
2025-03-06 10:28:38,679 [ERROR] game.poker_game: Error dealing cards: Not enough cards to deal 2 cards
2025-03-06 10:28:38 - game.poker_game - ERROR - Error dealing cards: Not enough cards to deal 2 cards
2025-03-06 10:28:38,679 [ERROR] game.poker_game: Error dealing cards: Not enough cards to deal 2 cards
2025-03-06 10:28:38 - game.poker_game - ERROR - Error dealing cards: Not enough cards to deal 2 cards
2025-03-06 10:28:38,679 [ERROR] game.poker_game: Error dealing cards: Not enough cards to deal 2 cards
2025-03-06 10:28:38 - game.poker_game - ERROR - Error dealing cards: Not enough cards to deal 2 cards
2025-03-06 10:28:38,679 [ERROR] game.poker_game: Error dealing cards: Not enough cards to deal 2 cards
2025-03-06 10:28:38 - game.poker_game - ERROR - Error dealing cards: Not enough cards to deal 2 cards
2025-03-06 10:28:38,679 [ERROR] game.poker_game: Error dealing cards: Not enough cards to deal 2 cards
2025-03-06 10:28:38 - game.poker_game - ERROR - Error dealing cards: Not enough cards to deal 2 cards
2025-03-06 10:28:38,679 [ERROR] game.poker_game: Error dealing cards: Not enough cards to deal 2 cards
2025-03-06 10:28:38 - game.poker_game - ERROR - Error dealing cards: Not enough cards to deal 2 cards
2025-03-06 10:28:38,679 [ERROR] game.poker_game: Error dealing cards: Not enough cards to deal 2 cards
2025-03-06 10:28:38 - game.poker_game - ERROR - Error dealing cards: Not enough cards to deal 2 cards
2025-03-06 10:28:38,679 [ERROR] game.poker_game: Error dealing cards: Not enough cards to deal 2 cards
2025-03-06 10:28:38 - game.poker_game - ERROR - Error dealing cards: Not enough cards to deal 2 cards
2025-03-06 10:28:38,679 [ERROR] game.poker_game: Error dealing cards: Not enough cards to deal 2 cards
2025-03-06 10:28:38 - game.poker_game - ERROR - Error dealing cards: Not enough cards to deal 2 cards
2025-03-06 10:36:07 - game.poker_game - ERROR - Error dealing cards: Not enough cards to deal 2 cards
2025-03-06 10:36:07 - game.poker_game - ERROR - Error dealing cards: Not enough cards to deal 2 cards
2025-03-06 10:36:07 - game.poker_game - ERROR - Error dealing cards: Not enough cards to deal 2 cards
2025-03-06 10:36:07 - game.poker_game - ERROR - Error dealing cards: Not enough cards to deal 2 cards
2025-03-06 10:36:07 - game.poker_game - ERROR - Error dealing cards: Not enough cards to deal 2 cards
2025-03-06 10:36:07 - game.poker_game - ERROR - Error dealing cards: Not enough cards to deal 2 cards
2025-03-06 10:36:07 - game.poker_game - ERROR - Error dealing cards: Not enough cards to deal 2 cards
2025-03-06 10:36:07 - game.poker_game - ERROR - Error dealing cards: Not enough cards to deal 2 cards
2025-03-06 10:36:07 - game.poker_game - ERROR - Error dealing cards: Not enough cards to deal 2 cards
2025-03-06 10:36:07 - game.poker_game - ERROR - Error dealing cards: Not enough cards to deal 2 cards
2025-03-06 10:36:07 - game.poker_game - ERROR - Error dealing cards: Not enough cards to deal 2 cards
2025-03-06 10:36:07 - game.poker_game - ERROR - Error dealing cards: Not enough cards to deal 2 cards
2025-03-06 10:36:07 - game.poker_game - ERROR - Error dealing cards: Not enough cards to deal 2 cards
2025-03-06 10:36:07 - game.poker_game - ERROR - Error dealing cards: Not enough cards to deal 2 cards
2025-03-06 10:36:07 - game.poker_game - ERROR - Error dealing cards: Not enough cards to deal 2 cards
2025-03-06 10:36:07 - game.poker_game - ERROR - Error dealing cards: Not enough cards to deal 2 cards
2025-03-06 10:36:07 - game.poker_game - ERROR - Error dealing cards: Not enough cards to deal 2 cards
2025-03-06 10:36:07 - game.poker_game - ERROR - Error dealing cards: Not enough cards to deal 2 cards
2025-03-06 10:36:07 - game.poker_game - ERROR - Error dealing cards: Not enough cards to deal 2 cards
2025-03-06 10:36:07 - game.poker_game - ERROR - Error dealing cards: Not enough cards to deal 2 cards
2025-03-06 10:36:07 - game.poker_game - ERROR - Error dealing cards: Not enough cards to deal 2 cards
2025-03-06 10:36:07 - game.poker_game - ERROR - Error dealing cards: Not enough cards to deal 2 cards
2025-03-06 10:36:07 - game.poker_game - ERROR - Error dealing cards: Not enough cards to deal 2 cards
2025-03-06 10:36:07 - game.poker_game - ERROR - Error dealing cards: Not enough cards to deal 2 cards
2025-03-06 11:05:06 - game.poker_game - ERROR - Error dealing cards: Not enough cards to deal 2 cards
2025-03-06 11:05:06 - game.poker_game - ERROR - Error dealing cards: Not enough cards to deal 2 cards
2025-03-06 11:05:06 - game.poker_game - ERROR - Error dealing cards: Not enough cards to deal 2 cards
2025-03-06 11:05:06 - game.poker_game - ERROR - Error dealing cards: Not enough cards to deal 2 cards
2025-03-06 11:05:06 - game.poker_game - ERROR - Error dealing cards: Not enough cards to deal 2 cards
2025-03-06 11:05:06 - game.poker_game - ERROR - Error dealing cards: Not enough cards to deal 2 cards
2025-03-06 11:05:06 - game.poker_game - ERROR - Error dealing cards: Not enough cards to deal 2 cards
2025-03-06 11:05:06 - game.poker_game - ERROR - Error dealing cards: Not enough cards to deal 2 cards
2025-03-06 11:05:06 - game.poker_game - ERROR - Error dealing cards: Not enough cards to deal 2 cards
2025-03-06 11:05:06 - game.poker_game - ERROR - Error dealing cards: Not enough cards to deal 2 cards
2025-03-06 11:05:06 - game.poker_game - ERROR - Error dealing cards: Not enough cards to deal 2 cards
2025-03-06 11:05:06 - game.poker_game - ERROR - Error dealing cards: Not enough cards to deal 2 cards
2025-03-06 11:05:06 - game.poker_game - ERROR - Error dealing cards: Not enough cards to deal 2 cards
2025-03-06 11:05:06 - game.poker_game - ERROR - Error dealing cards: Not enough cards to deal 2 cards
2025-03-06 11:05:06 - game.poker_game - ERROR - Error dealing cards: Not enough cards to deal 2 cards
2025-03-06 11:05:06 - game.poker_game - ERROR - Error dealing cards: Not enough cards to deal 2 cards
2025-03-06 11:05:06 - game.poker_game - ERROR - Error dealing cards: Not enough cards to deal 2 cards
2025-03-06 11:05:06 - game.poker_game - ERROR - Error dealing cards: Not enough cards to deal 2 cards
2025-03-06 11:05:06 - game.poker_game - ERROR - Error dealing cards: Not enough cards to deal 2 cards
2025-03-06 11:05:06 - game.poker_game - ERROR - Error dealing cards: Not enough cards to deal 2 cards
2025-03-06 11:05:06 - game.poker_game - ERROR - Error dealing cards: Not enough cards to deal 2 cards
2025-03-06 11:05:06 - game.poker_game - ERROR - Error dealing cards: Not enough cards to deal 2 cards
2025-03-06 11:05:06 - game.poker_game - ERROR - Error dealing cards: Not enough cards to deal 2 cards
2025-03-06 11:05:06 - game.poker_game - ERROR - Error dealing cards: Not enough cards to deal 2 cards
2025-03-06 14:46:17 - game.poker_game - ERROR - Error dealing cards: Not enough cards to deal 2 cards
2025-03-06 14:46:17 - game.poker_game - ERROR - Error dealing cards: Not enough cards to deal 2 cards
2025-03-06 14:46:17 - game.poker_game - ERROR - Error dealing cards: Not enough cards to deal 2 cards
2025-03-06 14:46:17 - game.poker_game - ERROR - Error dealing cards: Not enough cards to deal 2 cards
2025-03-06 14:46:17 - game.poker_game - ERROR - Error dealing cards: Not enough cards to deal 2 cards
2025-03-06 14:46:17 - game.poker_game - ERROR - Error dealing cards: Not enough cards to deal 2 cards
2025-03-06 14:46:17 - game.poker_game - ERROR - Error dealing cards: Not enough cards to deal 2 cards
2025-03-06 14:46:17 - game.poker_game - ERROR - Error dealing cards: Not enough cards to deal 2 cards
2025-03-06 14:46:17 - game.poker_game - ERROR - Error dealing cards: Not enough cards to deal 2 cards
2025-03-06 14:46:17 - game.poker_game - ERROR - Error dealing cards: Not enough cards to deal 2 cards
2025-03-06 14:46:17 - game.poker_game - ERROR - Error dealing cards: Not enough cards to deal 2 cards
2025-03-06 14:46:17 - game.poker_game - ERROR - Error dealing cards: Not enough cards to deal 2 cards
2025-03-06 14:46:17 - game.poker_game - ERROR - Error dealing cards: Not enough cards to deal 2 cards
2025-03-06 14:46:17 - game.poker_game - ERROR - Error dealing cards: Not enough cards to deal 2 cards
2025-03-06 14:46:17 - game.poker_game - ERROR - Error dealing cards: Not enough cards to deal 2 cards
2025-03-06 14:46:17 - game.poker_game - ERROR - Error dealing cards: Not enough cards to deal 2 cards
2025-03-06 14:46:17 - game.poker_game - ERROR - Error dealing cards: Not enough cards to deal 2 cards
2025-03-06 14:46:17 - game.poker_game - ERROR - Error dealing cards: Not enough cards to deal 2 cards
2025-03-06 14:46:17 - game.poker_game - ERROR - Error dealing cards: Not enough cards to deal 2 cards
2025-03-06 14:46:17 - game.poker_game - ERROR - Error dealing cards: Not enough cards to deal 2 cards
2025-03-06 14:46:17 - game.poker_game - ERROR - Error dealing cards: Not enough cards to deal 2 cards
2025-03-06 14:46:17 - game.poker_game - ERROR - Error dealing cards: Not enough cards to deal 2 cards
2025-03-06 14:46:17 - game.poker_game - ERROR - Error dealing cards: Not enough cards to deal 2 cards
2025-03-06 14:46:17 - game.poker_game - ERROR - Error dealing cards: Not enough cards to deal 2 cards
2025-03-06 18:32:40 - game.poker_game - ERROR - Error dealing cards: Not enough cards to deal 2 cards
2025-03-06 18:32:40 - game.poker_game - ERROR - Error dealing cards: Not enough cards to deal 2 cards
2025-03-06 18:32:40 - game.poker_game - ERROR - Error dealing cards: Not enough cards to deal 2 cards
2025-03-06 18:32:40 - game.poker_game - ERROR - Error dealing cards: Not enough cards to deal 2 cards
2025-03-06 18:32:40 - game.poker_game - ERROR - Error dealing cards: Not enough cards to deal 2 cards
2025-03-06 18:32:40 - game.poker_game - ERROR - Error dealing cards: Not enough cards to deal 2 cards
2025-03-06 18:32:40 - game.poker_game - ERROR - Error dealing cards: Not enough cards to deal 2 cards
2025-03-06 18:32:40 - game.poker_game - ERROR - Error dealing cards: Not enough cards to deal 2 cards
2025-03-06 18:32:40 - game.poker_game - ERROR - Error dealing cards: Not enough cards to deal 2 cards
2025-03-06 18:32:40 - game.poker_game - ERROR - Error dealing cards: Not enough cards to deal 2 cards
2025-03-06 18:32:40 - game.poker_game - ERROR - Error dealing cards: Not enough cards to deal 2 cards
2025-03-06 18:32:40 - game.poker_game - ERROR - Error dealing cards: Not enough cards to deal 2 cards
2025-03-06 18:32:40 - game.poker_game - ERROR - Error dealing cards: Not enough cards to deal 2 cards
2025-03-06 18:32:40 - game.poker_game - ERROR - Error dealing cards: Not enough cards to deal 2 cards
2025-03-06 18:32:40 - game.poker_game - ERROR - Error dealing cards: Not enough cards to deal 2 cards
2025-03-06 18:32:40 - game.poker_game - ERROR - Error dealing cards: Not enough cards to deal 2 cards
2025-03-06 18:32:40 - game.poker_game - ERROR - Error dealing cards: Not enough cards to deal 2 cards
2025-03-06 18:32:40 - game.poker_game - ERROR - Error dealing cards: Not enough cards to deal 2 cards
2025-03-06 18:32:40 - game.poker_game - ERROR - Error dealing cards: Not enough cards to deal 2 cards
2025-03-06 18:32:40 - game.poker_game - ERROR - Error dealing cards: Not enough cards to deal 2 cards
2025-03-06 18:32:40 - game.poker_game - ERROR - Error dealing cards: Not enough cards to deal 2 cards
2025-03-06 18:32:40 - game.poker_game - ERROR - Error dealing cards: Not enough cards to deal 2 cards
2025-03-06 18:32:40 - game.poker_game - ERROR - Error dealing cards: Not enough cards to deal 2 cards
2025-03-06 18:32:40 - game.poker_game - ERROR - Error dealing cards: Not enough cards to deal 2 cards
2025-03-10 15:35:45 - game_service - ERROR - Error processing action: Raise amount must be at least 20
2025-03-11 11:01:35 - ai.manager - ERROR - Unknown personality type: RiskTaker
2025-03-11 11:01:35 - game_service - ERROR - Error processing action: Unknown personality type: RiskTaker
2025-03-12 15:38:44 - game.poker_game - ERROR - Error dealing cards: Not enough cards to deal 2 cards
2025-03-12 15:38:44 - game.poker_game - ERROR - Error dealing cards: Not enough cards to deal 2 cards
2025-03-12 15:38:44 - game.poker_game - ERROR - Error dealing cards: Not enough cards to deal 2 cards
2025-03-12 15:38:44 - game.poker_game - ERROR - Error dealing cards: Not enough cards to deal 2 cards
2025-03-12 15:38:44 - game.poker_game - ERROR - Error dealing cards: Not enough cards to deal 2 cards
2025-03-12 15:38:44 - game.poker_game - ERROR - Error dealing cards: Not enough cards to deal 2 cards
2025-03-12 15:38:44 - game.poker_game - ERROR - Error dealing cards: Not enough cards to deal 2 cards
2025-03-12 15:38:44 - game.poker_game - ERROR - Error dealing cards: Not enough cards to deal 2 cards
2025-03-12 15:38:44 - game.poker_game - ERROR - Error dealing cards: Not enough cards to deal 2 cards
2025-03-12 15:38:44 - game.poker_game - ERROR - Error dealing cards: Not enough cards to deal 2 cards
2025-03-12 15:38:44 - game.poker_game - ERROR - Error dealing cards: Not enough cards to deal 2 cards
2025-03-12 15:38:44 - game.poker_game - ERROR - Error dealing cards: Not enough cards to deal 2 cards
2025-03-12 15:38:44 - game.poker_game - ERROR - Error dealing cards: Not enough cards to deal 2 cards
2025-03-12 15:38:44 - game.poker_game - ERROR - Error dealing cards: Not enough cards to deal 2 cards
2025-03-12 15:38:44 - game.poker_game - ERROR - Error dealing cards: Not enough cards to deal 2 cards
2025-03-12 15:38:44 - game.poker_game - ERROR - Error dealing cards: Not enough cards to deal 2 cards
2025-03-12 15:38:44 - game.poker_game - ERROR - Error dealing cards: Not enough cards to deal 2 cards
2025-03-12 15:38:44 - game.poker_game - ERROR - Error dealing cards: Not enough cards to deal 2 cards
2025-03-12 15:38:44 - game.poker_game - ERROR - Error dealing cards: Not enough cards to deal 2 cards
2025-03-12 15:38:44 - game.poker_game - ERROR - Error dealing cards: Not enough cards to deal 2 cards
2025-03-12 15:38:44 - game.poker_game - ERROR - Error dealing cards: Not enough cards to deal 2 cards
2025-03-12 15:38:44 - game.poker_game - ERROR - Error dealing cards: Not enough cards to deal 2 cards
2025-03-12 15:38:44 - game.poker_game - ERROR - Error dealing cards: Not enough cards to deal 2 cards
2025-03-12 15:38:44 - game.poker_game - ERROR - Error dealing cards: Not enough cards to deal 2 cards
2025-03-12 15:48:11 - game.poker_game - ERROR - Error dealing cards: Not enough cards to deal 2 cards
2025-03-12 15:48:11 - game.poker_game - ERROR - Error dealing cards: Not enough cards to deal 2 cards
2025-03-12 15:48:11 - game.poker_game - ERROR - Error dealing cards: Not enough cards to deal 2 cards
2025-03-12 15:48:11 - game.poker_game - ERROR - Error dealing cards: Not enough cards to deal 2 cards
2025-03-12 15:48:11 - game.poker_game - ERROR - Error dealing cards: Not enough cards to deal 2 cards
2025-03-12 15:48:11 - game.poker_game - ERROR - Error dealing cards: Not enough cards to deal 2 cards
2025-03-12 15:48:11 - game.poker_game - ERROR - Error dealing cards: Not enough cards to deal 2 cards
2025-03-12 15:48:11 - game.poker_game - ERROR - Error dealing cards: Not enough cards to deal 2 cards
2025-03-12 15:48:11 - game.poker_game - ERROR - Error dealing cards: Not enough cards to deal 2 cards
2025-03-12 15:48:11 - game.poker_game - ERROR - Error dealing cards: Not enough cards to deal 2 cards
2025-03-12 15:48:11 - game.poker_game - ERROR - Error dealing cards: Not enough cards to deal 2 cards
2025-03-12 15:48:11 - game.poker_game - ERROR - Error dealing cards: Not enough cards to deal 2 cards
2025-03-12 15:48:11 - game.poker_game - ERROR - Error dealing cards: Not enough cards to deal 2 cards
2025-03-12 15:48:11 - game.poker_game - ERROR - Error dealing cards: Not enough cards to deal 2 cards
2025-03-12 15:48:11 - game.poker_game - ERROR - Error dealing cards: Not enough cards to deal 2 cards
2025-03-12 15:48:11 - game.poker_game - ERROR - Error dealing cards: Not enough cards to deal 2 cards
2025-03-12 15:48:11 - game.poker_game - ERROR - Error dealing cards: Not enough cards to deal 2 cards
2025-03-12 15:48:11 - game.poker_game - ERROR - Error dealing cards: Not enough cards to deal 2 cards
2025-03-12 15:48:11 - game.poker_game - ERROR - Error dealing cards: Not enough cards to deal 2 cards
2025-03-12 15:48:11 - game.poker_game - ERROR - Error dealing cards: Not enough cards to deal 2 cards
2025-03-12 15:48:11 - game.poker_game - ERROR - Error dealing cards: Not enough cards to deal 2 cards
2025-03-12 15:48:11 - game.poker_game - ERROR - Error dealing cards: Not enough cards to deal 2 cards
2025-03-12 15:48:11 - game.poker_game - ERROR - Error dealing cards: Not enough cards to deal 2 cards
2025-03-12 15:48:11 - game.poker_game - ERROR - Error dealing cards: Not enough cards to deal 2 cards
2025-03-12 16:16:08 - game_service - ERROR - Error processing action: Raise amount must be at least 40
2025-03-13 10:36:25 - game_service - ERROR - Error processing action: Raise amount must be at least 40
2025-03-13 10:58:12 - game.poker_game - ERROR - Error dealing cards: Not enough cards to deal 2 cards
2025-03-13 10:58:12 - game.poker_game - ERROR - Error dealing cards: Not enough cards to deal 2 cards
2025-03-13 10:58:12 - game.poker_game - ERROR - Error dealing cards: Not enough cards to deal 2 cards
2025-03-13 10:58:12 - game.poker_game - ERROR - Error dealing cards: Not enough cards to deal 2 cards
2025-03-13 10:58:12 - game.poker_game - ERROR - Error dealing cards: Not enough cards to deal 2 cards
2025-03-13 10:58:12 - game.poker_game - ERROR - Error dealing cards: Not enough cards to deal 2 cards
2025-03-13 10:58:12 - game.poker_game - ERROR - Error dealing cards: Not enough cards to deal 2 cards
2025-03-13 10:58:12 - game.poker_game - ERROR - Error dealing cards: Not enough cards to deal 2 cards
2025-03-13 10:58:12 - game.poker_game - ERROR - Error dealing cards: Not enough cards to deal 2 cards
2025-03-13 10:58:12 - game.poker_game - ERROR - Error dealing cards: Not enough cards to deal 2 cards
2025-03-13 10:58:12 - game.poker_game - ERROR - Error dealing cards: Not enough cards to deal 2 cards
2025-03-13 10:58:12 - game.poker_game - ERROR - Error dealing cards: Not enough cards to deal 2 cards
2025-03-13 10:58:12 - game.poker_game - ERROR - Error dealing cards: Not enough cards to deal 2 cards
2025-03-13 10:58:12 - game.poker_game - ERROR - Error dealing cards: Not enough cards to deal 2 cards
2025-03-13 10:58:12 - game.poker_game - ERROR - Error dealing cards: Not enough cards to deal 2 cards
2025-03-13 10:58:12 - game.poker_game - ERROR - Error dealing cards: Not enough cards to deal 2 cards
2025-03-13 10:58:12 - game.poker_game - ERROR - Error dealing cards: Not enough cards to deal 2 cards
2025-03-13 10:58:12 - game.poker_game - ERROR - Error dealing cards: Not enough cards to deal 2 cards
2025-03-13 10:58:12 - game.poker_game - ERROR - Error dealing cards: Not enough cards to deal 2 cards
2025-03-13 10:58:12 - game.poker_game - ERROR - Error dealing cards: Not enough cards to deal 2 cards
2025-03-13 10:58:12 - game.poker_game - ERROR - Error dealing cards: Not enough cards to deal 2 cards
2025-03-13 10:58:12 - game.poker_game - ERROR - Error dealing cards: Not enough cards to deal 2 cards
2025-03-13 10:58:12 - game.poker_game - ERROR - Error dealing cards: Not enough cards to deal 2 cards
2025-03-13 10:58:12 - game.poker_game - ERROR - Error dealing cards: Not enough cards to deal 2 cards
2025-03-14 12:36:39 - game.poker_game - ERROR - Error dealing cards: Not enough cards to deal 2 cards
2025-03-14 12:36:39 - game.poker_game - ERROR - Error dealing cards: Not enough cards to deal 2 cards
2025-03-14 12:36:39 - game.poker_game - ERROR - Error dealing cards: Not enough cards to deal 2 cards
2025-03-14 12:36:39 - game.poker_game - ERROR - Error dealing cards: Not enough cards to deal 2 cards
2025-03-14 12:36:39 - game.poker_game - ERROR - Error dealing cards: Not enough cards to deal 2 cards
2025-03-14 12:36:39 - game.poker_game - ERROR - Error dealing cards: Not enough cards to deal 2 cards
2025-03-14 12:36:39 - game.poker_game - ERROR - Error dealing cards: Not enough cards to deal 2 cards
2025-03-14 12:36:39 - game.poker_game - ERROR - Error dealing cards: Not enough cards to deal 2 cards
2025-03-14 12:36:39 - game.poker_game - ERROR - Error dealing cards: Not enough cards to deal 2 cards
2025-03-14 12:36:39 - game.poker_game - ERROR - Error dealing cards: Not enough cards to deal 2 cards
2025-03-14 12:36:39 - game.poker_game - ERROR - Error dealing cards: Not enough cards to deal 2 cards
2025-03-14 12:36:39 - game.poker_game - ERROR - Error dealing cards: Not enough cards to deal 2 cards
2025-03-14 12:36:39 - game.poker_game - ERROR - Error dealing cards: Not enough cards to deal 2 cards
2025-03-14 12:36:39 - game.poker_game - ERROR - Error dealing cards: Not enough cards to deal 2 cards
2025-03-14 12:36:39 - game.poker_game - ERROR - Error dealing cards: Not enough cards to deal 2 cards
2025-03-14 12:36:39 - game.poker_game - ERROR - Error dealing cards: Not enough cards to deal 2 cards
2025-03-14 12:36:39 - game.poker_game - ERROR - Error dealing cards: Not enough cards to deal 2 cards
2025-03-14 12:36:39 - game.poker_game - ERROR - Error dealing cards: Not enough cards to deal 2 cards
2025-03-14 12:36:39 - game.poker_game - ERROR - Error dealing cards: Not enough cards to deal 2 cards
2025-03-14 12:36:39 - game.poker_game - ERROR - Error dealing cards: Not enough cards to deal 2 cards
2025-03-14 12:36:39 - game.poker_game - ERROR - Error dealing cards: Not enough cards to deal 2 cards
2025-03-14 12:36:39 - game.poker_game - ERROR - Error dealing cards: Not enough cards to deal 2 cards
2025-03-14 12:36:39 - game.poker_game - ERROR - Error dealing cards: Not enough cards to deal 2 cards
2025-03-14 12:36:39 - game.poker_game - ERROR - Error dealing cards: Not enough cards to deal 2 cards
2025-03-14 12:38:18 - game.poker_game - ERROR - Error dealing cards: Not enough cards to deal 2 cards
2025-03-14 12:38:18 - game.poker_game - ERROR - Error dealing cards: Not enough cards to deal 2 cards
2025-03-14 12:38:18 - game.poker_game - ERROR - Error dealing cards: Not enough cards to deal 2 cards
2025-03-14 12:38:18 - game.poker_game - ERROR - Error dealing cards: Not enough cards to deal 2 cards
2025-03-14 12:38:18 - game.poker_game - ERROR - Error dealing cards: Not enough cards to deal 2 cards
2025-03-14 12:38:18 - game.poker_game - ERROR - Error dealing cards: Not enough cards to deal 2 cards
2025-03-14 12:38:18 - game.poker_game - ERROR - Error dealing cards: Not enough cards to deal 2 cards
2025-03-14 12:38:18 - game.poker_game - ERROR - Error dealing cards: Not enough cards to deal 2 cards
2025-03-14 12:38:18 - game.poker_game - ERROR - Error dealing cards: Not enough cards to deal 2 cards
2025-03-14 12:38:18 - game.poker_game - ERROR - Error dealing cards: Not enough cards to deal 2 cards
2025-03-14 12:38:18 - game.poker_game - ERROR - Error dealing cards: Not enough cards to deal 2 cards
2025-03-14 12:38:18 - game.poker_game - ERROR - Error dealing cards: Not enough cards to deal 2 cards
2025-03-14 12:38:18 - game.poker_game - ERROR - Error dealing cards: Not enough cards to deal 2 cards
2025-03-14 12:38:18 - game.poker_game - ERROR - Error dealing cards: Not enough cards to deal 2 cards
2025-03-14 12:38:18 - game.poker_game - ERROR - Error dealing cards: Not enough cards to deal 2 cards
2025-03-14 12:38:18 - game.poker_game - ERROR - Error dealing cards: Not enough cards to deal 2 cards
2025-03-14 12:38:18 - game.poker_game - ERROR - Error dealing cards: Not enough cards to deal 2 cards
2025-03-14 12:38:18 - game.poker_game - ERROR - Error dealing cards: Not enough cards to deal 2 cards
2025-03-14 12:38:18 - game.poker_game - ERROR - Error dealing cards: Not enough cards to deal 2 cards
2025-03-14 12:38:18 - game.poker_game - ERROR - Error dealing cards: Not enough cards to deal 2 cards
2025-03-14 12:38:18 - game.poker_game - ERROR - Error dealing cards: Not enough cards to deal 2 cards
2025-03-14 12:38:18 - game.poker_game - ERROR - Error dealing cards: Not enough cards to deal 2 cards
2025-03-14 12:38:18 - game.poker_game - ERROR - Error dealing cards: Not enough cards to deal 2 cards
2025-03-14 12:38:18 - game.poker_game - ERROR - Error dealing cards: Not enough cards to deal 2 cards
2025-03-14 13:20:34 - game_service - ERROR - Error processing action: Player d08500c9-8000-4e86-ab3c-3a79167ab85e has insufficient funds
